{"uuid":"8ea1aed7-776a-428a-9f9f-fdde48f6fab0","historyId":"d43d23c67d477a3b1d3f39394dedd0b1","fullName":"ChangeCityTest.yandexMarketChangeCity","labels":[{"name":"package","value":"ChangeCityTest"},{"name":"testClass","value":"ChangeCityTest"},{"name":"testMethod","value":"yandexMarketChangeCity"},{"name":"parentSuite","value":"Surefire suite"},{"name":"suite","value":"Surefire test"},{"name":"subSuite","value":"ChangeCityTest"},{"name":"host","value":"DESKTOP-60HJP9E"},{"name":"thread","value":"12672@DESKTOP-60HJP9E.main(1)"}],"links":[],"name":"yandexMarketChangeCity","status":"broken","statusDetails":{"known":false,"muted":false,"flaky":false,"message":"Expected condition failed: waiting for element to be clickable: By.cssSelector: .button2_theme_normal (tried for 10 second(s) with 500 milliseconds interval)","trace":"org.openqa.selenium.TimeoutException: Expected condition failed: waiting for element to be clickable: By.cssSelector: .button2_theme_normal (tried for 10 second(s) with 500 milliseconds interval)\r\n\tat org.openqa.selenium.support.ui.WebDriverWait.timeoutException(WebDriverWait.java:81)\r\n\tat org.openqa.selenium.support.ui.FluentWait.until(FluentWait.java:271)\r\n\tat ChangeCityTest.yandexMarketChangeCity(ChangeCityTest.java:40)\r\n\tat sun.reflect.NativeMethodAccessorImpl.invoke0(Native Method)\r\n\tat sun.reflect.NativeMethodAccessorImpl.invoke(NativeMethodAccessorImpl.java:62)\r\n\tat sun.reflect.DelegatingMethodAccessorImpl.invoke(DelegatingMethodAccessorImpl.java:43)\r\n\tat java.lang.reflect.Method.invoke(Method.java:498)\r\n\tat org.testng.internal.MethodInvocationHelper.invokeMethod(MethodInvocationHelper.java:86)\r\n\tat org.testng.internal.Invoker.invokeMethod(Invoker.java:643)\r\n\tat org.testng.internal.Invoker.invokeTestMethod(Invoker.java:820)\r\n\tat org.testng.internal.Invoker.invokeTestMethods(Invoker.java:1128)\r\n\tat org.testng.internal.TestMethodWorker.invokeTestMethods(TestMethodWorker.java:129)\r\n\tat org.testng.internal.TestMethodWorker.run(TestMethodWorker.java:112)\r\n\tat org.testng.TestRunner.privateRun(TestRunner.java:782)\r\n\tat org.testng.TestRunner.run(TestRunner.java:632)\r\n\tat org.testng.SuiteRunner.runTest(SuiteRunner.java:366)\r\n\tat org.testng.SuiteRunner.runSequentially(SuiteRunner.java:361)\r\n\tat org.testng.SuiteRunner.privateRun(SuiteRunner.java:319)\r\n\tat org.testng.SuiteRunner.run(SuiteRunner.java:268)\r\n\tat org.testng.SuiteRunnerWorker.runSuite(SuiteRunnerWorker.java:52)\r\n\tat org.testng.SuiteRunnerWorker.run(SuiteRunnerWorker.java:86)\r\n\tat org.testng.TestNG.runSuitesSequentially(TestNG.java:1244)\r\n\tat org.testng.TestNG.runSuitesLocally(TestNG.java:1169)\r\n\tat org.testng.TestNG.run(TestNG.java:1064)\r\n\tat org.apache.maven.surefire.testng.TestNGExecutor.run(TestNGExecutor.java:135)\r\n\tat org.apache.maven.surefire.testng.TestNGDirectoryTestSuite.executeMulti(TestNGDirectoryTestSuite.java:193)\r\n\tat org.apache.maven.surefire.testng.TestNGDirectoryTestSuite.execute(TestNGDirectoryTestSuite.java:94)\r\n\tat org.apache.maven.surefire.testng.TestNGProvider.invoke(TestNGProvider.java:146)\r\n\tat org.apache.maven.surefire.booter.ForkedBooter.invokeProviderInSameClassLoader(ForkedBooter.java:386)\r\n\tat org.apache.maven.surefire.booter.ForkedBooter.runSuitesInProcess(ForkedBooter.java:323)\r\n\tat org.apache.maven.surefire.booter.ForkedBooter.main(ForkedBooter.java:143)\r\nCaused by: org.openqa.selenium.NoSuchElementException: Cannot locate an element using By.cssSelector: .button2_theme_normal\nFor documentation on this error, please visit: http://seleniumhq.org/exceptions/no_such_element.html\nBuild info: version: '3.12.0', revision: '7c6e0b3', time: '2018-05-08T14:04:26.12Z'\nSystem info: host: 'DESKTOP-60HJP9E', ip: '192.168.0.57', os.name: 'Windows 10', os.arch: 'amd64', os.version: '10.0', java.version: '1.8.0_161'\nDriver info: driver.version: unknown\r\n\tat org.openqa.selenium.support.ui.ExpectedConditions.lambda$findElement$0(ExpectedConditions.java:896)\r\n\tat java.util.Optional.orElseThrow(Optional.java:290)\r\n\tat org.openqa.selenium.support.ui.ExpectedConditions.findElement(ExpectedConditions.java:895)\r\n\tat org.openqa.selenium.support.ui.ExpectedConditions.access$000(ExpectedConditions.java:44)\r\n\tat org.openqa.selenium.support.ui.ExpectedConditions$7.apply(ExpectedConditions.java:206)\r\n\tat org.openqa.selenium.support.ui.ExpectedConditions$7.apply(ExpectedConditions.java:202)\r\n\tat org.openqa.selenium.support.ui.ExpectedConditions$22.apply(ExpectedConditions.java:657)\r\n\tat org.openqa.selenium.support.ui.ExpectedConditions$22.apply(ExpectedConditions.java:654)\r\n\tat org.openqa.selenium.support.ui.FluentWait.until(FluentWait.java:248)\r\n\t... 29 more\r\n"},"stage":"finished","description":"Try to change city to another one, than change it back.","start":1539279843649,"stop":1539279893650,"parameters":[]}